TN:
SF:components\ChatBox.tsx
FN:74,(anonymous_0)
FN:25,GatePassStatus
FN:29,VehicleETA
FN:33,DocumentUpload
FN:37,EntryHistory
FN:41,NoticeBoard
FN:45,LPOInbound
FN:49,QRGenerator
FN:53,HistoryView
FN:56,(anonymous_13)
FN:64,BatchScanView
FN:67,(anonymous_15)
FN:81,(anonymous_17)
FN:87,(anonymous_18)
FN:94,(anonymous_19)
FN:117,(anonymous_20)
FN:128,(anonymous_21)
FN:141,(anonymous_22)
FN:142,(anonymous_23)
FN:145,(anonymous_24)
FN:154,(anonymous_25)
FN:170,(anonymous_26)
FN:171,(anonymous_27)
FN:172,(anonymous_28)
FN:173,(anonymous_29)
FN:174,(anonymous_30)
FN:175,(anonymous_31)
FN:176,(anonymous_32)
FN:177,(anonymous_33)
FN:178,(anonymous_34)
FN:211,(anonymous_35)
FN:228,(anonymous_36)
FN:253,(anonymous_37)
FNF:33
FNH:14
FNDA:58,(anonymous_0)
FNDA:1,GatePassStatus
FNDA:0,VehicleETA
FNDA:0,DocumentUpload
FNDA:0,EntryHistory
FNDA:0,NoticeBoard
FNDA:5,LPOInbound
FNDA:3,QRGenerator
FNDA:3,HistoryView
FNDA:0,(anonymous_13)
FNDA:3,BatchScanView
FNDA:0,(anonymous_15)
FNDA:0,(anonymous_17)
FNDA:0,(anonymous_18)
FNDA:0,(anonymous_19)
FNDA:0,(anonymous_20)
FNDA:0,(anonymous_21)
FNDA:0,(anonymous_22)
FNDA:0,(anonymous_23)
FNDA:0,(anonymous_24)
FNDA:37,(anonymous_25)
FNDA:1,(anonymous_26)
FNDA:0,(anonymous_27)
FNDA:0,(anonymous_28)
FNDA:0,(anonymous_29)
FNDA:0,(anonymous_30)
FNDA:5,(anonymous_31)
FNDA:3,(anonymous_32)
FNDA:3,(anonymous_33)
FNDA:3,(anonymous_34)
FNDA:22,(anonymous_35)
FNDA:0,(anonymous_36)
FNDA:6,(anonymous_37)
DA:3,5
DA:4,5
DA:5,5
DA:6,5
DA:7,5
DA:8,5
DA:11,5
DA:26,1
DA:30,0
DA:34,0
DA:38,0
DA:42,0
DA:46,5
DA:50,3
DA:54,3
DA:58,0
DA:65,3
DA:68,0
DA:74,21
DA:75,37
DA:76,37
DA:77,37
DA:81,37
DA:82,0
DA:85,0
DA:86,0
DA:87,0
DA:88,0
DA:92,0
DA:93,0
DA:94,0
DA:95,0
DA:97,0
DA:100,0
DA:101,0
DA:102,0
DA:103,0
DA:104,0
DA:105,0
DA:107,0
DA:109,0
DA:112,0
DA:113,0
DA:114,0
DA:115,0
DA:116,0
DA:117,0
DA:118,0
DA:121,0
DA:123,0
DA:126,0
DA:127,0
DA:128,0
DA:129,0
DA:131,0
DA:138,0
DA:141,37
DA:142,0
DA:145,37
DA:146,0
DA:147,0
DA:149,0
DA:150,0
DA:151,0
DA:154,37
DA:155,37
DA:156,1
DA:157,0
DA:158,0
DA:159,0
DA:160,0
DA:161,5
DA:162,3
DA:163,3
DA:164,3
DA:166,22
DA:170,1
DA:171,0
DA:172,0
DA:173,0
DA:174,0
DA:175,5
DA:176,3
DA:177,3
DA:178,3
DA:212,22
DA:228,0
DA:246,37
DA:253,6
LF:89
LH:35
BRDA:85,0,0,0
BRDA:85,0,1,0
BRDA:92,1,0,0
BRDA:92,1,1,0
BRDA:100,2,0,0
BRDA:100,2,1,0
BRDA:102,3,0,0
BRDA:102,3,1,0
BRDA:112,4,0,0
BRDA:112,4,1,0
BRDA:114,5,0,0
BRDA:114,5,1,0
BRDA:126,6,0,0
BRDA:126,6,1,0
BRDA:141,7,0,0
BRDA:147,8,0,0
BRDA:147,8,1,0
BRDA:155,9,0,1
BRDA:155,9,1,0
BRDA:155,9,2,0
BRDA:155,9,3,0
BRDA:155,9,4,0
BRDA:155,9,5,5
BRDA:155,9,6,3
BRDA:155,9,7,3
BRDA:155,9,8,3
BRDA:155,9,9,22
BRDA:212,10,0,0
BRDA:212,10,1,22
BRDA:214,11,0,0
BRDA:214,11,1,22
BRDA:218,12,0,22
BRDA:218,12,1,0
BRDA:252,13,0,37
BRDA:252,13,1,15
BRF:35
BRH:11
end_of_record
TN:
SF:components\LPOInboundMatch.tsx
FN:34,(anonymous_0)
FN:6,(anonymous_2)
FNF:2
FNH:2
FNDA:19,(anonymous_0)
FNDA:14,(anonymous_2)
DA:1,6
DA:2,6
DA:3,6
DA:4,6
DA:6,6
DA:7,14
DA:9,14
DA:34,19
LF:8
LH:8
BRDA:17,0,0,14
BRDA:17,0,1,2
BRDA:24,1,0,14
BRDA:24,1,1,0
BRF:4
BRH:3
end_of_record
TN:
SF:components\atoms\Button.tsx
FN:58,(anonymous_0)
FN:13,(anonymous_2)
FNF:2
FNH:2
FNDA:95,(anonymous_0)
FNDA:64,(anonymous_2)
DA:1,7
DA:13,7
DA:23,64
DA:25,64
DA:33,64
DA:39,64
DA:41,64
DA:43,64
DA:56,7
DA:58,95
LF:10
LH:10
BRDA:16,0,0,0
BRDA:17,1,0,58
BRDA:18,2,0,6
BRDA:19,3,0,43
BRDA:20,4,0,64
BRDA:39,5,0,21
BRDA:39,5,1,43
BRF:7
BRH:6
end_of_record
TN:
SF:components\atoms\Input.tsx
FN:61,(anonymous_0)
FN:16,(anonymous_2)
FN:45,(anonymous_3)
FNF:3
FNH:3
FNDA:37,(anonymous_0)
FNDA:37,(anonymous_2)
FNDA:19,(anonymous_3)
DA:1,6
DA:16,6
DA:28,37
DA:29,37
DA:30,37
DA:32,37
DA:34,37
DA:45,19
DA:59,6
DA:61,37
LF:10
LH:10
BRDA:17,0,0,37
BRDA:23,1,0,0
BRDA:24,2,0,37
BRDA:26,3,0,37
BRDA:29,4,0,3
BRDA:29,4,1,34
BRDA:30,5,0,3
BRDA:30,5,1,34
BRDA:36,6,0,37
BRDA:36,6,1,0
BRDA:39,7,0,0
BRDA:39,7,1,0
BRDA:52,8,0,37
BRDA:52,8,1,3
BRF:14
BRH:10
end_of_record
TN:
SF:components\molecules\LPOScannerForm.tsx
FN:69,(anonymous_0)
FN:12,(anonymous_2)
FN:19,(anonymous_3)
FN:26,(anonymous_4)
FNF:4
FNH:4
FNDA:18,(anonymous_0)
FNDA:37,(anonymous_2)
FNDA:4,(anonymous_3)
FNDA:20,(anonymous_4)
DA:1,6
DA:2,6
DA:3,6
DA:4,6
DA:12,6
DA:17,37
DA:19,37
DA:20,4
DA:21,4
DA:22,4
DA:26,37
DA:27,20
DA:28,2
DA:32,37
DA:69,18
LF:15
LH:15
BRDA:14,0,0,27
BRDA:20,1,0,4
BRDA:20,1,1,0
BRDA:20,2,0,4
BRDA:20,2,1,4
BRDA:27,3,0,2
BRDA:27,3,1,18
BRDA:59,4,0,37
BRDA:59,4,1,34
BRDA:62,5,0,3
BRDA:62,5,1,34
BRF:11
BRH:10
end_of_record
TN:
SF:components\molecules\QRCodeGenerator.tsx
FN:146,(anonymous_0)
FN:13,(anonymous_5)
FN:21,(anonymous_6)
FN:30,(anonymous_7)
FN:42,(anonymous_8)
FN:60,(anonymous_9)
FN:126,(anonymous_10)
FNF:7
FNH:1
FNDA:5,(anonymous_0)
FNDA:0,(anonymous_5)
FNDA:0,(anonymous_6)
FNDA:0,(anonymous_7)
FNDA:0,(anonymous_8)
FNDA:0,(anonymous_9)
FNDA:0,(anonymous_10)
DA:1,3
DA:3,3
DA:4,3
DA:5,3
DA:6,3
DA:13,3
DA:17,0
DA:18,0
DA:19,0
DA:21,0
DA:22,0
DA:23,0
DA:24,0
DA:25,0
DA:26,0
DA:30,0
DA:31,0
DA:34,0
DA:35,0
DA:36,0
DA:38,0
DA:39,0
DA:40,0
DA:42,0
DA:43,0
DA:44,0
DA:45,0
DA:46,0
DA:47,0
DA:50,0
DA:51,0
DA:52,0
DA:53,0
DA:56,0
DA:60,0
DA:61,0
DA:62,0
DA:66,0
DA:126,0
DA:146,5
LF:40
LH:7
BRDA:14,0,0,0
BRDA:22,1,0,0
BRDA:22,1,1,0
BRDA:31,2,0,0
BRDA:31,2,1,0
BRDA:38,3,0,0
BRDA:38,3,1,0
BRDA:38,4,0,0
BRDA:38,4,1,0
BRDA:61,5,0,0
BRDA:61,5,1,0
BRDA:91,6,0,0
BRDA:91,6,1,0
BRDA:91,6,2,0
BRF:14
BRH:0
end_of_record
TN:
SF:components\molecules\QRCodeScanner.tsx
FN:11,(anonymous_0)
FN:11,(anonymous_4)
FN:22,(anonymous_5)
FN:40,(anonymous_6)
FN:47,(anonymous_7)
FN:58,(anonymous_8)
FN:65,(anonymous_9)
FN:74,(anonymous_10)
FN:81,(anonymous_11)
FN:149,(anonymous_12)
FNF:10
FNH:1
FNDA:0,(anonymous_0)
FNDA:0,(anonymous_4)
FNDA:0,(anonymous_5)
FNDA:0,(anonymous_6)
FNDA:0,(anonymous_7)
FNDA:0,(anonymous_8)
FNDA:0,(anonymous_9)
FNDA:0,(anonymous_10)
FNDA:0,(anonymous_11)
FNDA:4,(anonymous_12)
DA:1,4
DA:2,4
DA:11,4
DA:17,0
DA:18,0
DA:19,0
DA:20,0
DA:22,0
DA:23,0
DA:26,0
DA:37,0
DA:40,0
DA:41,0
DA:42,0
DA:43,0
DA:47,0
DA:48,0
DA:49,0
DA:50,0
DA:54,0
DA:55,0
DA:58,0
DA:59,0
DA:60,0
DA:65,0
DA:66,0
DA:67,0
DA:68,0
DA:70,0
DA:71,0
DA:74,0
DA:75,0
DA:76,0
DA:77,0
DA:80,0
DA:81,0
DA:84,0
DA:149,4
LF:38
LH:4
BRDA:15,0,0,0
BRDA:23,1,0,0
BRDA:23,1,1,0
BRDA:59,2,0,0
BRDA:59,2,1,0
BRDA:66,3,0,0
BRDA:66,3,1,0
BRDA:76,4,0,0
BRDA:76,4,1,0
BRDA:107,5,0,0
BRDA:107,5,1,0
BRDA:119,6,0,0
BRDA:119,6,1,0
BRDA:119,6,2,0
BRDA:149,7,0,4
BRDA:149,7,1,4
BRF:16
BRH:2
end_of_record
TN:
SF:components\molecules\QRScanner.tsx
FN:175,(anonymous_0)
FN:9,(anonymous_5)
FN:9,(anonymous_6)
FN:9,(anonymous_7)
FN:12,(anonymous_9)
FN:26,(anonymous_10)
FN:36,(anonymous_11)
FN:38,(anonymous_12)
FN:49,(anonymous_13)
FN:60,(anonymous_14)
FN:63,(anonymous_15)
FN:72,(anonymous_16)
FN:72,(anonymous_17)
FN:121,(anonymous_18)
FN:124,(anonymous_19)
FN:137,(anonymous_20)
FN:156,(anonymous_21)
FN:163,(anonymous_22)
FNF:18
FNH:9
FNDA:46,(anonymous_0)
FNDA:0,(anonymous_5)
FNDA:0,(anonymous_6)
FNDA:0,(anonymous_7)
FNDA:0,(anonymous_9)
FNDA:52,(anonymous_10)
FNDA:0,(anonymous_11)
FNDA:2,(anonymous_12)
FNDA:6,(anonymous_13)
FNDA:0,(anonymous_14)
FNDA:1,(anonymous_15)
FNDA:21,(anonymous_16)
FNDA:21,(anonymous_17)
FNDA:0,(anonymous_18)
FNDA:0,(anonymous_19)
FNDA:0,(anonymous_20)
FNDA:1,(anonymous_21)
FNDA:1,(anonymous_22)
DA:1,7
DA:3,7
DA:4,7
DA:5,7
DA:8,7
DA:9,0
DA:12,0
DA:26,7
DA:27,52
DA:28,52
DA:31,52
DA:35,52
DA:36,52
DA:38,52
DA:39,2
DA:40,2
DA:41,2
DA:42,1
DA:43,1
DA:48,52
DA:49,52
DA:50,6
DA:51,6
DA:52,0
DA:53,0
DA:55,6
DA:56,6
DA:57,0
DA:60,6
DA:63,52
DA:64,1
DA:65,1
DA:66,1
DA:68,1
DA:69,1
DA:72,52
DA:73,21
DA:74,5
DA:78,52
DA:121,0
DA:125,0
DA:138,0
DA:156,1
DA:163,1
DA:175,46
LF:45
LH:37
BRDA:26,0,0,15
BRDA:39,1,0,2
BRDA:39,1,1,0
BRDA:39,2,0,2
BRDA:39,2,1,2
BRDA:41,3,0,1
BRDA:41,3,1,1
BRDA:41,4,0,2
BRDA:41,4,1,1
BRDA:51,5,0,0
BRDA:51,5,1,6
BRDA:56,6,0,0
BRDA:56,6,1,6
BRDA:64,7,0,1
BRDA:64,7,1,0
BRDA:73,8,0,5
BRDA:73,8,1,16
BRDA:92,9,0,52
BRDA:92,9,1,6
BRDA:106,10,0,6
BRDA:106,10,1,0
BRDA:114,11,0,0
BRDA:114,11,1,0
BRF:23
BRH:16
end_of_record
TN:
SF:components\organisms\BatchScanner.tsx
FN:414,(anonymous_0)
FN:5,isValidLPO
FN:28,(anonymous_5)
FN:29,(anonymous_6)
FN:36,(anonymous_7)
FN:55,(anonymous_8)
FN:56,(anonymous_9)
FN:64,(anonymous_10)
FN:66,(anonymous_11)
FN:75,(anonymous_12)
FN:82,(anonymous_13)
FN:84,(anonymous_14)
FN:93,(anonymous_15)
FN:105,(anonymous_16)
FN:116,(anonymous_17)
FN:122,(anonymous_18)
FN:130,(anonymous_19)
FN:140,(anonymous_20)
FN:142,(anonymous_21)
FN:151,(anonymous_22)
FN:160,(anonymous_23)
FN:183,(anonymous_24)
FN:193,(anonymous_25)
FN:201,(anonymous_26)
FN:206,(anonymous_27)
FN:212,(anonymous_28)
FN:231,(anonymous_29)
FN:250,(anonymous_30)
FN:259,(anonymous_31)
FN:268,(anonymous_32)
FN:315,(anonymous_33)
FN:345,(anonymous_34)
FN:363,(anonymous_35)
FNF:33
FNH:1
FNDA:4,(anonymous_0)
FNDA:0,isValidLPO
FNDA:0,(anonymous_5)
FNDA:0,(anonymous_6)
FNDA:0,(anonymous_7)
FNDA:0,(anonymous_8)
FNDA:0,(anonymous_9)
FNDA:0,(anonymous_10)
FNDA:0,(anonymous_11)
FNDA:0,(anonymous_12)
FNDA:0,(anonymous_13)
FNDA:0,(anonymous_14)
FNDA:0,(anonymous_15)
FNDA:0,(anonymous_16)
FNDA:0,(anonymous_17)
FNDA:0,(anonymous_18)
FNDA:0,(anonymous_19)
FNDA:0,(anonymous_20)
FNDA:0,(anonymous_21)
FNDA:0,(anonymous_22)
FNDA:0,(anonymous_23)
FNDA:0,(anonymous_24)
FNDA:0,(anonymous_25)
FNDA:0,(anonymous_26)
FNDA:0,(anonymous_27)
FNDA:0,(anonymous_28)
FNDA:0,(anonymous_29)
FNDA:0,(anonymous_30)
FNDA:0,(anonymous_31)
FNDA:0,(anonymous_32)
FNDA:0,(anonymous_33)
FNDA:0,(anonymous_34)
FNDA:0,(anonymous_35)
DA:1,3
DA:2,3
DA:6,0
DA:28,3
DA:29,0
DA:30,0
DA:32,0
DA:36,3
DA:41,0
DA:42,0
DA:43,0
DA:44,0
DA:45,0
DA:46,0
DA:47,0
DA:48,0
DA:49,0
DA:50,0
DA:52,0
DA:55,0
DA:56,0
DA:57,0
DA:58,0
DA:64,0
DA:65,0
DA:66,0
DA:67,0
DA:68,0
DA:70,0
DA:71,0
DA:72,0
DA:73,0
DA:75,0
DA:76,0
DA:81,0
DA:83,0
DA:84,0
DA:89,0
DA:90,0
DA:92,0
DA:93,0
DA:98,0
DA:99,0
DA:101,0
DA:102,0
DA:103,0
DA:105,0
DA:106,0
DA:109,0
DA:115,0
DA:116,0
DA:122,0
DA:123,0
DA:124,0
DA:125,0
DA:126,0
DA:127,0
DA:128,0
DA:130,0
DA:134,0
DA:135,0
DA:140,0
DA:141,0
DA:142,0
DA:146,0
DA:147,0
DA:151,0
DA:152,0
DA:153,0
DA:154,0
DA:155,0
DA:156,0
DA:160,0
DA:161,0
DA:162,0
DA:163,0
DA:164,0
DA:173,0
DA:174,0
DA:175,0
DA:176,0
DA:177,0
DA:182,0
DA:184,0
DA:185,0
DA:186,0
DA:193,0
DA:194,0
DA:195,0
DA:196,0
DA:197,0
DA:201,0
DA:202,0
DA:203,0
DA:207,0
DA:213,0
DA:216,0
DA:217,0
DA:218,0
DA:219,0
DA:220,0
DA:221,0
DA:222,0
DA:226,0
DA:227,0
DA:231,0
DA:237,0
DA:250,0
DA:259,0
DA:268,0
DA:315,0
DA:346,0
DA:364,0
DA:414,4
LF:114
LH:5
BRDA:39,0,0,0
BRDA:57,1,0,0
BRDA:57,1,1,0
BRDA:65,2,0,0
BRDA:65,2,1,0
BRDA:65,3,0,0
BRDA:65,3,1,0
BRDA:71,4,0,0
BRDA:71,4,1,0
BRDA:76,5,0,0
BRDA:76,5,1,0
BRDA:83,6,0,0
BRDA:83,6,1,0
BRDA:92,7,0,0
BRDA:92,7,1,0
BRDA:101,8,0,0
BRDA:101,8,1,0
BRDA:125,9,0,0
BRDA:125,9,1,0
BRDA:163,10,0,0
BRDA:163,10,1,0
BRDA:170,11,0,0
BRDA:170,11,1,0
BRDA:175,12,0,0
BRDA:175,12,1,0
BRDA:184,13,0,0
BRDA:184,13,1,0
BRDA:184,14,0,0
BRDA:184,14,1,0
BRDA:202,15,0,0
BRDA:202,15,1,0
BRDA:226,16,0,0
BRDA:226,16,1,0
BRDA:252,17,0,0
BRDA:252,17,1,0
BRDA:261,18,0,0
BRDA:261,18,1,0
BRDA:270,19,0,0
BRDA:270,19,1,0
BRDA:280,20,0,0
BRDA:280,20,1,0
BRDA:292,21,0,0
BRDA:292,21,1,0
BRDA:301,22,0,0
BRDA:301,22,1,0
BRDA:305,23,0,0
BRDA:305,23,1,0
BRDA:306,24,0,0
BRDA:306,24,1,0
BRDA:313,25,0,0
BRDA:313,25,1,0
BRDA:313,25,2,0
BRDA:324,26,0,0
BRDA:324,26,1,0
BRDA:324,26,2,0
BRDA:339,27,0,0
BRDA:339,27,1,0
BRDA:358,28,0,0
BRDA:358,28,1,0
BRDA:376,29,0,0
BRDA:376,29,1,0
BRDA:395,30,0,0
BRDA:395,30,1,0
BRF:63
BRH:0
end_of_record
TN:
SF:components\organisms\LPOFinder.tsx
FN:15,(anonymous_0)
FN:15,(anonymous_5)
FN:28,(anonymous_6)
FN:35,(anonymous_7)
FN:65,(anonymous_8)
FN:70,(anonymous_9)
FN:84,(anonymous_10)
FN:96,(anonymous_11)
FN:117,(anonymous_12)
FN:129,(anonymous_13)
FN:184,(anonymous_14)
FNF:11
FNH:7
FNDA:6,(anonymous_0)
FNDA:95,(anonymous_5)
FNDA:6,(anonymous_6)
FNDA:5,(anonymous_7)
FNDA:5,(anonymous_8)
FNDA:0,(anonymous_9)
FNDA:0,(anonymous_10)
FNDA:0,(anonymous_11)
FNDA:74,(anonymous_12)
FNDA:0,(anonymous_13)
FNDA:2,(anonymous_14)
DA:3,1
DA:4,1
DA:5,1
DA:15,6
DA:21,95
DA:22,95
DA:23,95
DA:24,95
DA:25,95
DA:28,95
DA:29,6
DA:30,0
DA:31,0
DA:35,95
DA:36,5
DA:37,0
DA:38,0
DA:41,5
DA:42,5
DA:43,5
DA:45,5
DA:46,5
DA:47,5
DA:49,5
DA:50,3
DA:51,3
DA:53,2
DA:54,2
DA:57,0
DA:58,0
DA:59,0
DA:61,5
DA:65,95
DA:66,5
DA:67,5
DA:70,95
DA:71,0
DA:72,0
DA:73,0
DA:74,0
DA:75,0
DA:76,0
DA:77,0
DA:79,0
DA:80,0
DA:84,95
DA:85,0
DA:86,0
DA:87,0
DA:91,95
DA:92,0
DA:96,0
DA:102,95
DA:117,74
DA:129,0
DA:185,2
LF:56
LH:34
BRDA:18,0,0,95
BRDA:19,1,0,95
BRDA:29,2,0,0
BRDA:29,2,1,6
BRDA:29,3,0,6
BRDA:29,3,1,0
BRDA:36,4,0,0
BRDA:36,4,1,5
BRDA:49,5,0,3
BRDA:49,5,1,2
BRDA:57,6,0,0
BRDA:57,6,1,0
BRDA:73,7,0,0
BRDA:73,7,1,0
BRDA:91,8,0,0
BRDA:91,8,1,95
BRDA:124,9,0,95
BRDA:124,9,1,85
BRDA:126,10,0,10
BRDA:126,10,1,85
BRDA:139,11,0,95
BRDA:139,11,1,4
BRDA:147,12,0,95
BRDA:147,12,1,10
BRDA:153,13,0,95
BRDA:153,13,1,6
BRDA:191,14,0,6
BRDA:191,14,1,6
BRDA:209,15,0,95
BRDA:209,15,1,89
BRDA:209,15,2,82
BRDA:209,15,3,80
BRF:32
BRH:24
end_of_record
TN:
SF:components\organisms\LPOMatchingResult.tsx
FN:108,(anonymous_0)
FN:10,(anonymous_2)
FN:14,(anonymous_3)
FN:27,(anonymous_4)
FN:41,(anonymous_5)
FN:62,(anonymous_6)
FNF:6
FNH:1
FNDA:4,(anonymous_0)
FNDA:0,(anonymous_2)
FNDA:0,(anonymous_3)
FNDA:0,(anonymous_4)
FNDA:0,(anonymous_5)
FNDA:0,(anonymous_6)
DA:1,5
DA:2,5
DA:10,5
DA:14,0
DA:15,0
DA:17,0
DA:19,0
DA:21,0
DA:23,0
DA:27,0
DA:28,0
DA:30,0
DA:32,0
DA:34,0
DA:36,0
DA:40,0
DA:42,0
DA:43,0
DA:48,0
DA:63,0
DA:108,5
LF:21
LH:4
BRDA:15,0,0,0
BRDA:15,0,1,0
BRDA:15,0,2,0
BRDA:15,0,3,0
BRDA:28,1,0,0
BRDA:28,1,1,0
BRDA:28,1,2,0
BRDA:28,1,3,0
BRDA:77,2,0,0
BRDA:77,2,1,0
BRDA:78,3,0,0
BRDA:78,3,1,0
BRDA:79,4,0,0
BRDA:79,4,1,0
BRF:14
BRH:0
end_of_record
TN:
SF:components\organisms\MOSBEntryBot.tsx
FN:12,(anonymous_0)
FN:12,(anonymous_5)
FN:45,(anonymous_6)
FN:47,(anonymous_7)
FN:55,(anonymous_8)
FN:75,(anonymous_9)
FN:95,(anonymous_10)
FN:104,(anonymous_11)
FN:118,(anonymous_12)
FN:119,(anonymous_13)
FN:129,(anonymous_14)
FN:134,(anonymous_15)
FN:139,(anonymous_16)
FN:193,(anonymous_17)
FN:222,(anonymous_18)
FN:223,(anonymous_19)
FN:224,(anonymous_20)
FN:240,(anonymous_21)
FN:241,(anonymous_22)
FN:242,(anonymous_23)
FN:258,(anonymous_24)
FN:259,(anonymous_25)
FN:260,(anonymous_26)
FN:273,(anonymous_27)
FN:274,(anonymous_28)
FN:311,(anonymous_29)
FN:319,(anonymous_30)
FN:339,(anonymous_31)
FN:347,(anonymous_32)
FN:367,(anonymous_33)
FN:375,(anonymous_34)
FN:395,(anonymous_35)
FN:403,(anonymous_36)
FN:414,(anonymous_37)
FN:419,(anonymous_38)
FN:449,(anonymous_39)
FN:469,(anonymous_40)
FNF:37
FNH:9
FNDA:7,(anonymous_0)
FNDA:46,(anonymous_5)
FNDA:0,(anonymous_6)
FNDA:0,(anonymous_7)
FNDA:0,(anonymous_8)
FNDA:0,(anonymous_9)
FNDA:0,(anonymous_10)
FNDA:0,(anonymous_11)
FNDA:0,(anonymous_12)
FNDA:0,(anonymous_13)
FNDA:0,(anonymous_14)
FNDA:0,(anonymous_15)
FNDA:0,(anonymous_16)
FNDA:184,(anonymous_17)
FNDA:11,(anonymous_18)
FNDA:11,(anonymous_19)
FNDA:0,(anonymous_20)
FNDA:16,(anonymous_21)
FNDA:16,(anonymous_22)
FNDA:0,(anonymous_23)
FNDA:12,(anonymous_24)
FNDA:12,(anonymous_25)
FNDA:0,(anonymous_26)
FNDA:0,(anonymous_27)
FNDA:0,(anonymous_28)
FNDA:0,(anonymous_29)
FNDA:0,(anonymous_30)
FNDA:0,(anonymous_31)
FNDA:0,(anonymous_32)
FNDA:0,(anonymous_33)
FNDA:0,(anonymous_34)
FNDA:0,(anonymous_35)
FNDA:0,(anonymous_36)
FNDA:0,(anonymous_37)
FNDA:0,(anonymous_38)
FNDA:0,(anonymous_39)
FNDA:0,(anonymous_40)
DA:3,1
DA:5,1
DA:12,7
DA:16,46
DA:17,46
DA:25,46
DA:26,46
DA:27,46
DA:34,46
DA:37,46
DA:45,46
DA:46,0
DA:47,0
DA:49,0
DA:50,0
DA:55,46
DA:56,0
DA:58,0
DA:59,0
DA:62,0
DA:63,0
DA:66,0
DA:67,0
DA:70,0
DA:71,0
DA:75,46
DA:76,0
DA:78,0
DA:79,0
DA:82,0
DA:83,0
DA:86,0
DA:87,0
DA:90,0
DA:91,0
DA:95,46
DA:96,0
DA:98,0
DA:99,0
DA:104,46
DA:106,0
DA:107,0
DA:108,0
DA:112,0
DA:113,0
DA:114,0
DA:115,0
DA:118,0
DA:119,0
DA:128,0
DA:129,0
DA:134,46
DA:135,0
DA:139,46
DA:140,0
DA:141,0
DA:144,0
DA:146,0
DA:147,0
DA:166,0
DA:167,0
DA:169,0
DA:171,0
DA:175,46
DA:194,184
DA:223,11
DA:224,11
DA:241,16
DA:242,16
DA:259,12
DA:260,12
DA:274,0
DA:311,0
DA:320,0
DA:321,0
DA:339,0
DA:348,0
DA:349,0
DA:367,0
DA:376,0
DA:377,0
DA:395,0
DA:404,0
DA:405,0
DA:414,0
DA:419,0
DA:449,0
DA:470,0
DA:471,0
DA:479,0
DA:485,0
LF:91
LH:25
BRDA:46,0,0,0
BRDA:46,0,1,0
BRDA:58,1,0,0
BRDA:58,1,1,0
BRDA:62,2,0,0
BRDA:62,2,1,0
BRDA:66,3,0,0
BRDA:66,3,1,0
BRDA:78,4,0,0
BRDA:78,4,1,0
BRDA:82,5,0,0
BRDA:82,5,1,0
BRDA:86,6,0,0
BRDA:86,6,1,0
BRDA:98,7,0,0
BRDA:98,7,1,0
BRDA:106,8,0,0
BRDA:106,8,1,0
BRDA:113,9,0,0
BRDA:113,9,1,0
BRDA:128,10,0,0
BRDA:128,10,1,0
BRDA:140,11,0,0
BRDA:140,11,1,0
BRDA:149,12,0,0
BRDA:149,12,1,0
BRDA:150,13,0,0
BRDA:150,13,1,0
BRDA:151,14,0,0
BRDA:151,14,1,0
BRDA:152,15,0,0
BRDA:152,15,1,0
BRDA:153,16,0,0
BRDA:153,16,1,0
BRDA:154,17,0,0
BRDA:154,17,1,0
BRDA:155,18,0,0
BRDA:155,18,1,0
BRDA:158,19,0,0
BRDA:158,19,1,0
BRDA:197,20,0,46
BRDA:197,20,1,138
BRDA:209,21,0,46
BRDA:209,21,1,46
BRDA:219,22,0,0
BRDA:219,22,1,46
BRDA:221,23,0,46
BRDA:221,23,1,7
BRDA:224,24,0,0
BRDA:224,24,1,11
BRDA:228,25,0,46
BRDA:228,25,1,0
BRDA:237,26,0,0
BRDA:237,26,1,46
BRDA:239,27,0,46
BRDA:239,27,1,46
BRDA:242,28,0,0
BRDA:242,28,1,16
BRDA:246,29,0,46
BRDA:246,29,1,0
BRDA:255,30,0,0
BRDA:255,30,1,46
BRDA:257,31,0,46
BRDA:257,31,1,46
BRDA:260,32,0,0
BRDA:260,32,1,12
BRDA:264,33,0,46
BRDA:264,33,1,0
BRDA:272,34,0,46
BRDA:272,34,1,46
BRDA:288,35,0,46
BRDA:288,35,1,0
BRDA:293,36,0,0
BRDA:293,36,1,0
BRDA:301,37,0,0
BRDA:301,37,1,0
BRDA:306,38,0,0
BRDA:306,38,1,0
BRDA:313,39,0,0
BRDA:313,39,1,0
BRDA:321,40,0,0
BRDA:321,40,1,0
BRDA:329,41,0,0
BRDA:329,41,1,0
BRDA:334,42,0,0
BRDA:334,42,1,0
BRDA:341,43,0,0
BRDA:341,43,1,0
BRDA:349,44,0,0
BRDA:349,44,1,0
BRDA:357,45,0,0
BRDA:357,45,1,0
BRDA:362,46,0,0
BRDA:362,46,1,0
BRDA:369,47,0,0
BRDA:369,47,1,0
BRDA:377,48,0,0
BRDA:377,48,1,0
BRDA:385,49,0,0
BRDA:385,49,1,0
BRDA:390,50,0,0
BRDA:390,50,1,0
BRDA:397,51,0,0
BRDA:397,51,1,0
BRDA:405,52,0,0
BRDA:405,52,1,0
BRDA:426,53,0,46
BRDA:426,53,1,0
BRDA:440,54,0,0
BRDA:440,54,1,0
BRDA:441,55,0,0
BRDA:441,55,1,0
BRDA:442,56,0,0
BRDA:442,56,1,0
BRDA:443,57,0,0
BRDA:443,57,1,0
BRDA:457,58,0,0
BRDA:457,58,1,0
BRDA:462,59,0,46
BRDA:462,59,1,0
BRF:120
BRH:24
end_of_record
TN:
SF:components\organisms\ScanHistory.tsx
FN:256,(anonymous_0)
FN:9,(anonymous_4)
FN:18,(anonymous_5)
FN:26,(anonymous_6)
FN:29,(anonymous_7)
FN:30,(anonymous_8)
FN:30,(anonymous_9)
FN:33,(anonymous_10)
FN:37,(anonymous_11)
FN:50,(anonymous_12)
FN:68,(anonymous_13)
FN:76,(anonymous_14)
FN:82,(anonymous_15)
FN:92,(anonymous_16)
FN:111,(anonymous_17)
FN:124,(anonymous_18)
FN:156,(anonymous_19)
FN:172,(anonymous_20)
FN:179,(anonymous_21)
FN:196,(anonymous_22)
FN:207,(anonymous_23)
FN:227,(anonymous_24)
FN:239,(anonymous_25)
FNF:23
FNH:1
FNDA:5,(anonymous_0)
FNDA:0,(anonymous_4)
FNDA:0,(anonymous_5)
FNDA:0,(anonymous_6)
FNDA:0,(anonymous_7)
FNDA:0,(anonymous_8)
FNDA:0,(anonymous_9)
FNDA:0,(anonymous_10)
FNDA:0,(anonymous_11)
FNDA:0,(anonymous_12)
FNDA:0,(anonymous_13)
FNDA:0,(anonymous_14)
FNDA:0,(anonymous_15)
FNDA:0,(anonymous_16)
FNDA:0,(anonymous_17)
FNDA:0,(anonymous_18)
FNDA:0,(anonymous_19)
FNDA:0,(anonymous_20)
FNDA:0,(anonymous_21)
FNDA:0,(anonymous_22)
FNDA:0,(anonymous_23)
FNDA:0,(anonymous_24)
FNDA:0,(anonymous_25)
DA:1,3
DA:9,3
DA:10,0
DA:18,0
DA:19,0
DA:26,0
DA:29,0
DA:30,0
DA:33,0
DA:34,0
DA:37,0
DA:38,0
DA:41,0
DA:50,3
DA:59,0
DA:61,0
DA:62,0
DA:63,0
DA:65,0
DA:67,0
DA:69,0
DA:70,0
DA:75,0
DA:77,0
DA:82,0
DA:83,0
DA:86,0
DA:87,0
DA:88,0
DA:92,0
DA:93,0
DA:94,0
DA:95,0
DA:96,0
DA:97,0
DA:98,0
DA:99,0
DA:100,0
DA:102,0
DA:111,0
DA:112,0
DA:114,0
DA:116,0
DA:118,0
DA:120,0
DA:124,0
DA:125,0
DA:127,0
DA:129,0
DA:131,0
DA:133,0
DA:137,0
DA:138,0
DA:147,0
DA:156,0
DA:173,0
DA:179,0
DA:196,0
DA:207,0
DA:227,0
DA:239,0
DA:256,5
LF:62
LH:4
BRDA:38,0,0,0
BRDA:38,0,1,0
BRDA:52,1,0,0
BRDA:65,2,0,0
BRDA:65,2,1,0
BRDA:83,3,0,0
BRDA:83,3,1,0
BRDA:96,4,0,0
BRDA:96,4,1,0
BRDA:99,5,0,0
BRDA:99,5,1,0
BRDA:112,6,0,0
BRDA:112,6,1,0
BRDA:112,6,2,0
BRDA:112,6,3,0
BRDA:125,7,0,0
BRDA:125,7,1,0
BRDA:125,7,2,0
BRDA:125,7,3,0
BRDA:137,8,0,0
BRDA:137,8,1,0
BRDA:158,9,0,0
BRDA:158,9,1,0
BRDA:162,10,0,0
BRDA:162,10,1,0
BRDA:189,11,0,0
BRDA:189,11,1,0
BRDA:191,12,0,0
BRDA:191,12,1,0
BRDA:205,13,0,0
BRDA:205,13,1,0
BRDA:205,13,2,0
BRDA:213,14,0,0
BRDA:213,14,1,0
BRDA:218,15,0,0
BRDA:218,15,1,0
BRF:36
BRH:0
end_of_record
TN:
SF:hooks\useLPOMatching.ts
FN:12,(anonymous_0)
FN:12,(anonymous_1)
FN:17,(anonymous_2)
FN:44,(anonymous_3)
FNF:4
FNH:1
FNDA:2,(anonymous_0)
FNDA:0,(anonymous_1)
FNDA:0,(anonymous_2)
FNDA:0,(anonymous_3)
DA:1,3
DA:2,3
DA:12,3
DA:13,0
DA:14,0
DA:15,0
DA:17,0
DA:18,0
DA:19,0
DA:20,0
DA:23,0
DA:24,0
DA:26,0
DA:27,0
DA:29,0
DA:30,0
DA:32,0
DA:33,0
DA:36,0
DA:37,0
DA:38,0
DA:40,0
DA:44,0
DA:45,0
DA:46,0
DA:47,0
DA:50,0
LF:27
LH:3
BRDA:18,0,0,0
BRDA:18,0,1,0
BRDA:29,1,0,0
BRDA:29,1,1,0
BRF:4
BRH:0
end_of_record
TN:
SF:hooks\useScanHistory.ts
FN:23,(anonymous_0)
FN:23,(anonymous_1)
FN:27,(anonymous_2)
FN:40,(anonymous_3)
FN:49,(anonymous_4)
FN:62,(anonymous_5)
FN:70,(anonymous_6)
FN:76,(anonymous_7)
FN:77,(anonymous_8)
FN:78,(anonymous_9)
FN:85,(anonymous_10)
FN:90,(anonymous_11)
FN:97,(anonymous_12)
FNF:13
FNH:1
FNDA:1,(anonymous_0)
FNDA:0,(anonymous_1)
FNDA:0,(anonymous_2)
FNDA:0,(anonymous_3)
FNDA:0,(anonymous_4)
FNDA:0,(anonymous_5)
FNDA:0,(anonymous_6)
FNDA:0,(anonymous_7)
FNDA:0,(anonymous_8)
FNDA:0,(anonymous_9)
FNDA:0,(anonymous_10)
FNDA:0,(anonymous_11)
FNDA:0,(anonymous_12)
DA:1,1
DA:20,1
DA:21,1
DA:23,1
DA:24,0
DA:27,0
DA:28,0
DA:29,0
DA:30,0
DA:31,0
DA:32,0
DA:35,0
DA:40,0
DA:41,0
DA:42,0
DA:44,0
DA:49,0
DA:54,0
DA:62,0
DA:63,0
DA:64,0
DA:65,0
DA:70,0
DA:71,0
DA:72,0
DA:76,0
DA:77,0
DA:78,0
DA:79,0
DA:80,0
DA:85,0
DA:86,0
DA:90,0
DA:91,0
DA:92,0
DA:94,0
DA:95,0
DA:97,0
DA:98,0
DA:99,0
DA:103,0
LF:41
LH:4
BRDA:30,0,0,0
BRDA:30,0,1,0
BRDA:85,1,0,0
BRDA:99,2,0,0
BRDA:99,2,1,0
BRF:5
BRH:0
end_of_record
TN:
SF:repositories\Repo.ts
FN:12,(anonymous_0)
FN:13,(anonymous_1)
FN:19,(anonymous_2)
FNF:3
FNH:1
FNDA:2,(anonymous_0)
FNDA:0,(anonymous_1)
FNDA:0,(anonymous_2)
DA:12,2
DA:16,0
DA:22,0
LF:3
LH:1
BRF:0
BRH:0
end_of_record
TN:
SF:services\MOSBEntryService.ts
FN:355,(anonymous_0)
FN:136,(anonymous_1)
FN:141,(anonymous_2)
FN:152,(anonymous_3)
FN:158,(anonymous_4)
FN:180,(anonymous_5)
FN:198,(anonymous_6)
FN:244,(anonymous_7)
FN:265,(anonymous_8)
FN:284,(anonymous_9)
FN:301,(anonymous_10)
FN:315,(anonymous_11)
FN:318,(anonymous_12)
FN:333,(anonymous_13)
FN:344,(anonymous_14)
FN:345,(anonymous_15)
FN:346,(anonymous_16)
FNF:17
FNH:7
FNDA:2,(anonymous_0)
FNDA:5,(anonymous_1)
FNDA:7,(anonymous_2)
FNDA:7,(anonymous_3)
FNDA:3,(anonymous_4)
FNDA:0,(anonymous_5)
FNDA:1,(anonymous_6)
FNDA:1,(anonymous_7)
FNDA:0,(anonymous_8)
FNDA:0,(anonymous_9)
FNDA:0,(anonymous_10)
FNDA:0,(anonymous_11)
FNDA:0,(anonymous_12)
FNDA:0,(anonymous_13)
FNDA:0,(anonymous_14)
FNDA:0,(anonymous_15)
FNDA:0,(anonymous_16)
DA:50,5
DA:53,5
DA:143,7
DA:144,7
DA:147,7
DA:148,7
DA:153,7
DA:154,7
DA:159,3
DA:160,3
DA:162,3
DA:163,1
DA:169,2
DA:170,1
DA:176,1
DA:181,0
DA:182,0
DA:183,0
DA:187,0
DA:199,1
DA:201,1
DA:202,0
DA:205,1
DA:206,0
DA:209,1
DA:210,0
DA:213,1
DA:214,0
DA:218,1
DA:226,1
DA:227,0
DA:230,1
DA:231,1
DA:238,0
DA:239,0
DA:245,1
DA:247,1
DA:248,0
DA:252,1
DA:254,1
DA:255,0
DA:257,1
DA:259,0
DA:260,0
DA:266,0
DA:267,0
DA:269,0
DA:270,0
DA:271,0
DA:273,0
DA:276,0
DA:278,0
DA:279,0
DA:285,0
DA:286,0
DA:288,0
DA:289,0
DA:292,0
DA:293,0
DA:295,0
DA:296,0
DA:302,0
DA:303,0
DA:307,0
DA:309,0
DA:310,0
DA:316,0
DA:318,0
DA:319,0
DA:320,0
DA:321,0
DA:323,0
DA:324,0
DA:328,0
DA:329,0
DA:339,0
DA:340,0
DA:342,0
DA:344,0
DA:345,0
DA:346,0
DA:349,0
DA:350,0
DA:355,2
LF:84
LH:30
BRDA:144,0,0,1
BRDA:144,0,1,6
BRDA:162,1,0,1
BRDA:162,1,1,2
BRDA:169,2,0,1
BRDA:169,2,1,1
BRDA:182,3,0,0
BRDA:182,3,1,0
BRDA:201,4,0,0
BRDA:201,4,1,1
BRDA:205,5,0,0
BRDA:205,5,1,1
BRDA:209,6,0,0
BRDA:209,6,1,1
BRDA:213,7,0,0
BRDA:213,7,1,1
BRDA:226,8,0,0
BRDA:226,8,1,1
BRDA:232,9,0,1
BRDA:232,9,1,0
BRDA:247,10,0,0
BRDA:247,10,1,1
BRDA:254,11,0,0
BRDA:254,11,1,1
BRDA:269,12,0,0
BRDA:269,12,1,0
BRDA:270,13,0,0
BRDA:270,13,1,0
BRDA:288,14,0,0
BRDA:288,14,1,0
BRDA:293,15,0,0
BRDA:293,15,1,0
BRF:32
BRH:14
end_of_record
TN:
SF:services\MatchingService.ts
FN:17,(anonymous_0)
FN:18,(anonymous_1)
FN:28,(anonymous_2)
FN:34,(anonymous_3)
FN:39,(anonymous_4)
FN:40,(anonymous_5)
FNF:6
FNH:6
FNDA:5,(anonymous_0)
FNDA:3,(anonymous_1)
FNDA:4,(anonymous_2)
FNDA:3,(anonymous_3)
FNDA:4,(anonymous_4)
FNDA:5,(anonymous_5)
DA:1,4
DA:17,5
DA:19,3
DA:20,3
DA:22,3
DA:23,1
DA:27,2
DA:28,2
DA:29,4
DA:33,2
DA:34,3
DA:39,2
DA:40,5
DA:41,4
DA:42,4
DA:43,4
DA:44,4
DA:47,4
DA:48,2
DA:49,2
DA:50,0
DA:52,2
DA:55,4
DA:65,2
LF:24
LH:23
BRDA:22,0,0,1
BRDA:22,0,1,2
BRDA:22,1,0,3
BRDA:22,1,1,3
BRDA:29,2,0,4
BRDA:29,2,1,4
BRDA:41,3,0,4
BRDA:41,3,1,0
BRDA:42,4,0,4
BRDA:42,4,1,1
BRDA:43,5,0,4
BRDA:43,5,1,1
BRDA:47,6,0,2
BRDA:47,6,1,2
BRDA:49,7,0,0
BRDA:49,7,1,2
BRF:16
BRH:14
end_of_record
TN:
SF:services\SITREPService.ts
FN:207,(anonymous_0)
FN:32,(anonymous_1)
FN:48,(anonymous_2)
FN:71,(anonymous_3)
FN:86,(anonymous_4)
FN:107,(anonymous_5)
FN:132,(anonymous_6)
FN:139,(anonymous_7)
FN:188,(anonymous_8)
FN:189,(anonymous_9)
FN:197,(anonymous_10)
FN:202,(anonymous_11)
FNF:12
FNH:12
FNDA:15,(anonymous_0)
FNDA:15,(anonymous_1)
FNDA:13,(anonymous_2)
FNDA:1,(anonymous_3)
FNDA:1,(anonymous_4)
FNDA:2,(anonymous_5)
FNDA:13,(anonymous_6)
FNDA:6,(anonymous_7)
FNDA:5,(anonymous_8)
FNDA:5,(anonymous_9)
FNDA:1,(anonymous_10)
FNDA:2,(anonymous_11)
DA:29,15
DA:30,15
DA:33,15
DA:49,13
DA:60,13
DA:71,1
DA:86,1
DA:88,1
DA:95,1
DA:108,2
DA:110,2
DA:115,2
DA:117,2
DA:123,2
DA:133,13
DA:134,13
DA:135,19
DA:137,19
DA:139,25
DA:140,19
DA:150,12
DA:152,12
DA:153,1
DA:156,10
DA:157,8
DA:165,11
DA:166,11
DA:168,6
DA:170,6
DA:181,5
DA:189,10
DA:198,1
DA:203,2
DA:207,15
LF:34
LH:34
BRDA:35,0,0,15
BRDA:35,0,1,15
BRDA:50,1,0,13
BRDA:50,1,1,13
BRDA:51,2,0,13
BRDA:51,2,1,13
BRDA:51,3,0,13
BRDA:51,3,1,1
BRDA:51,4,0,13
BRDA:51,4,1,6
BRDA:54,5,0,13
BRDA:54,5,1,11
BRDA:55,6,0,13
BRDA:55,6,1,12
BRDA:71,7,0,0
BRDA:86,8,0,0
BRDA:104,9,0,1
BRDA:104,9,1,0
BRDA:115,10,0,2
BRDA:115,10,1,0
BRDA:126,11,0,1
BRDA:126,11,1,1
BRDA:126,12,0,2
BRDA:126,12,1,2
BRDA:152,13,0,1
BRDA:152,13,1,10
BRDA:166,14,0,6
BRDA:166,14,1,5
BRF:28
BRH:24
end_of_record
