TN:
SF:repositories\Repo.ts
FN:13,getLpoItems
FN:19,getInboundItems
FNF:2
FNH:0
FNDA:0,getLpoItems
FNDA:0,getInboundItems
DA:1,1
DA:2,1
DA:3,1
DA:4,1
DA:5,1
DA:6,1
DA:7,1
DA:8,1
DA:9,1
DA:10,1
DA:11,1
DA:12,1
DA:13,1
DA:14,0
DA:15,0
DA:16,0
DA:17,0
DA:18,1
DA:19,1
DA:20,0
DA:21,0
DA:22,0
DA:23,0
DA:24,1
LF:24
LH:16
BRF:0
BRH:0
end_of_record
TN:
SF:services\MatchingService.ts
FN:18,matchLpo
FNF:1
FNH:1
FNDA:3,matchLpo
DA:1,1
DA:2,1
DA:3,1
DA:4,1
DA:5,1
DA:6,1
DA:7,1
DA:8,1
DA:9,1
DA:10,1
DA:11,1
DA:12,1
DA:13,1
DA:14,1
DA:15,1
DA:16,1
DA:17,1
DA:18,1
DA:19,3
DA:20,3
DA:21,3
DA:22,3
DA:23,1
DA:24,1
DA:25,2
DA:26,2
DA:27,2
DA:28,2
DA:29,4
DA:30,4
DA:31,2
DA:32,2
DA:33,2
DA:34,2
DA:35,2
DA:36,2
DA:37,2
DA:38,2
DA:39,2
DA:40,4
DA:41,4
DA:42,4
DA:43,4
DA:44,4
DA:45,4
DA:46,4
DA:47,4
DA:48,2
DA:49,2
DA:50,0
DA:51,2
DA:52,2
DA:53,2
DA:54,4
DA:55,4
DA:56,4
DA:57,4
DA:58,4
DA:59,4
DA:60,4
DA:61,4
DA:62,4
DA:63,4
DA:64,2
DA:65,2
DA:66,2
DA:67,2
DA:68,2
DA:69,2
DA:70,1
LF:70
LH:69
BRDA:18,0,0,3
BRDA:22,1,0,1
BRDA:24,2,0,2
BRDA:28,3,0,4
BRDA:34,4,0,3
BRDA:39,5,0,4
BRDA:41,6,0,0
BRDA:42,7,0,3
BRDA:42,8,0,1
BRDA:43,9,0,3
BRDA:43,10,0,1
BRDA:47,11,0,2
BRDA:49,12,0,0
BRDA:40,13,0,5
BRF:14
BRH:12
end_of_record
